<?xml version="1.0" encoding="UTF-8"?>
<testsuite xmlns:xsi="http://www.w3.org/2001/XMLSchema-instance" xsi:noNamespaceSchemaLocation="https://maven.apache.org/surefire/maven-surefire-plugin/xsd/surefire-test-report.xsd" name="com.wf.springboot.SpringBoot01HelloworldQuickApplicationTests" time="4.124" tests="2" errors="0" skipped="0" failures="0">
  <properties>
    <property name="sun.desktop" value="gnome"/>
    <property name="awt.toolkit" value="sun.awt.X11.XToolkit"/>
    <property name="java.specification.version" value="12"/>
    <property name="sun.jnu.encoding" value="UTF-8"/>
    <property name="java.class.path" value="/home/wf/JAVA/SpringBoot/spring-boot-01-helloworld-quick/target/test-classes:/home/wf/JAVA/SpringBoot/spring-boot-01-helloworld-quick/target/classes:/home/wf/JAVA/mavenku/org/springframework/boot/spring-boot-starter-web/2.1.7.RELEASE/spring-boot-starter-web-2.1.7.RELEASE.jar:/home/wf/JAVA/mavenku/org/springframework/boot/spring-boot-starter/2.1.7.RELEASE/spring-boot-starter-2.1.7.RELEASE.jar:/home/wf/JAVA/mavenku/org/springframework/boot/spring-boot/2.1.7.RELEASE/spring-boot-2.1.7.RELEASE.jar:/home/wf/JAVA/mavenku/org/springframework/boot/spring-boot-autoconfigure/2.1.7.RELEASE/spring-boot-autoconfigure-2.1.7.RELEASE.jar:/home/wf/JAVA/mavenku/org/springframework/boot/spring-boot-starter-logging/2.1.7.RELEASE/spring-boot-starter-logging-2.1.7.RELEASE.jar:/home/wf/JAVA/mavenku/ch/qos/logback/logback-classic/1.2.3/logback-classic-1.2.3.jar:/home/wf/JAVA/mavenku/ch/qos/logback/logback-core/1.2.3/logback-core-1.2.3.jar:/home/wf/JAVA/mavenku/org/apache/logging/log4j/log4j-to-slf4j/2.11.2/log4j-to-slf4j-2.11.2.jar:/home/wf/JAVA/mavenku/org/apache/logging/log4j/log4j-api/2.11.2/log4j-api-2.11.2.jar:/home/wf/JAVA/mavenku/org/slf4j/jul-to-slf4j/1.7.26/jul-to-slf4j-1.7.26.jar:/home/wf/JAVA/mavenku/javax/annotation/javax.annotation-api/1.3.2/javax.annotation-api-1.3.2.jar:/home/wf/JAVA/mavenku/org/yaml/snakeyaml/1.23/snakeyaml-1.23.jar:/home/wf/JAVA/mavenku/org/springframework/boot/spring-boot-starter-json/2.1.7.RELEASE/spring-boot-starter-json-2.1.7.RELEASE.jar:/home/wf/JAVA/mavenku/com/fasterxml/jackson/core/jackson-databind/2.9.9/jackson-databind-2.9.9.jar:/home/wf/JAVA/mavenku/com/fasterxml/jackson/core/jackson-annotations/2.9.0/jackson-annotations-2.9.0.jar:/home/wf/JAVA/mavenku/com/fasterxml/jackson/core/jackson-core/2.9.9/jackson-core-2.9.9.jar:/home/wf/JAVA/mavenku/com/fasterxml/jackson/datatype/jackson-datatype-jdk8/2.9.9/jackson-datatype-jdk8-2.9.9.jar:/home/wf/JAVA/mavenku/com/fasterxml/jackson/datatype/jackson-datatype-jsr310/2.9.9/jackson-datatype-jsr310-2.9.9.jar:/home/wf/JAVA/mavenku/com/fasterxml/jackson/module/jackson-module-parameter-names/2.9.9/jackson-module-parameter-names-2.9.9.jar:/home/wf/JAVA/mavenku/org/springframework/boot/spring-boot-starter-tomcat/2.1.7.RELEASE/spring-boot-starter-tomcat-2.1.7.RELEASE.jar:/home/wf/JAVA/mavenku/org/apache/tomcat/embed/tomcat-embed-core/9.0.22/tomcat-embed-core-9.0.22.jar:/home/wf/JAVA/mavenku/org/apache/tomcat/embed/tomcat-embed-el/9.0.22/tomcat-embed-el-9.0.22.jar:/home/wf/JAVA/mavenku/org/apache/tomcat/embed/tomcat-embed-websocket/9.0.22/tomcat-embed-websocket-9.0.22.jar:/home/wf/JAVA/mavenku/org/hibernate/validator/hibernate-validator/6.0.17.Final/hibernate-validator-6.0.17.Final.jar:/home/wf/JAVA/mavenku/javax/validation/validation-api/2.0.1.Final/validation-api-2.0.1.Final.jar:/home/wf/JAVA/mavenku/org/jboss/logging/jboss-logging/3.3.2.Final/jboss-logging-3.3.2.Final.jar:/home/wf/JAVA/mavenku/com/fasterxml/classmate/1.4.0/classmate-1.4.0.jar:/home/wf/JAVA/mavenku/org/springframework/spring-web/5.1.9.RELEASE/spring-web-5.1.9.RELEASE.jar:/home/wf/JAVA/mavenku/org/springframework/spring-beans/5.1.9.RELEASE/spring-beans-5.1.9.RELEASE.jar:/home/wf/JAVA/mavenku/org/springframework/spring-webmvc/5.1.9.RELEASE/spring-webmvc-5.1.9.RELEASE.jar:/home/wf/JAVA/mavenku/org/springframework/spring-aop/5.1.9.RELEASE/spring-aop-5.1.9.RELEASE.jar:/home/wf/JAVA/mavenku/org/springframework/spring-context/5.1.9.RELEASE/spring-context-5.1.9.RELEASE.jar:/home/wf/JAVA/mavenku/org/springframework/spring-expression/5.1.9.RELEASE/spring-expression-5.1.9.RELEASE.jar:/home/wf/JAVA/mavenku/org/springframework/boot/spring-boot-starter-test/2.1.7.RELEASE/spring-boot-starter-test-2.1.7.RELEASE.jar:/home/wf/JAVA/mavenku/org/springframework/boot/spring-boot-test/2.1.7.RELEASE/spring-boot-test-2.1.7.RELEASE.jar:/home/wf/JAVA/mavenku/org/springframework/boot/spring-boot-test-autoconfigure/2.1.7.RELEASE/spring-boot-test-autoconfigure-2.1.7.RELEASE.jar:/home/wf/JAVA/mavenku/com/jayway/jsonpath/json-path/2.4.0/json-path-2.4.0.jar:/home/wf/JAVA/mavenku/net/minidev/json-smart/2.3/json-smart-2.3.jar:/home/wf/JAVA/mavenku/net/minidev/accessors-smart/1.2/accessors-smart-1.2.jar:/home/wf/JAVA/mavenku/org/ow2/asm/asm/5.0.4/asm-5.0.4.jar:/home/wf/JAVA/mavenku/org/slf4j/slf4j-api/1.7.26/slf4j-api-1.7.26.jar:/home/wf/JAVA/mavenku/junit/junit/4.12/junit-4.12.jar:/home/wf/JAVA/mavenku/org/assertj/assertj-core/3.11.1/assertj-core-3.11.1.jar:/home/wf/JAVA/mavenku/org/mockito/mockito-core/2.23.4/mockito-core-2.23.4.jar:/home/wf/JAVA/mavenku/net/bytebuddy/byte-buddy/1.9.16/byte-buddy-1.9.16.jar:/home/wf/JAVA/mavenku/net/bytebuddy/byte-buddy-agent/1.9.16/byte-buddy-agent-1.9.16.jar:/home/wf/JAVA/mavenku/org/objenesis/objenesis/2.6/objenesis-2.6.jar:/home/wf/JAVA/mavenku/org/hamcrest/hamcrest-core/1.3/hamcrest-core-1.3.jar:/home/wf/JAVA/mavenku/org/hamcrest/hamcrest-library/1.3/hamcrest-library-1.3.jar:/home/wf/JAVA/mavenku/org/skyscreamer/jsonassert/1.5.0/jsonassert-1.5.0.jar:/home/wf/JAVA/mavenku/com/vaadin/external/google/android-json/0.0.20131108.vaadin1/android-json-0.0.20131108.vaadin1.jar:/home/wf/JAVA/mavenku/org/springframework/spring-core/5.1.9.RELEASE/spring-core-5.1.9.RELEASE.jar:/home/wf/JAVA/mavenku/org/springframework/spring-jcl/5.1.9.RELEASE/spring-jcl-5.1.9.RELEASE.jar:/home/wf/JAVA/mavenku/org/springframework/spring-test/5.1.9.RELEASE/spring-test-5.1.9.RELEASE.jar:/home/wf/JAVA/mavenku/org/xmlunit/xmlunit-core/2.6.3/xmlunit-core-2.6.3.jar:/home/wf/JAVA/mavenku/javax/xml/bind/jaxb-api/2.3.1/jaxb-api-2.3.1.jar:/home/wf/JAVA/mavenku/javax/activation/javax.activation-api/1.2.0/javax.activation-api-1.2.0.jar:/home/wf/JAVA/mavenku/org/springframework/boot/spring-boot-configuration-processor/2.1.7.RELEASE/spring-boot-configuration-processor-2.1.7.RELEASE.jar:"/>
    <property name="java.vm.vendor" value="Oracle Corporation"/>
    <property name="sun.arch.data.model" value="64"/>
    <property name="java.vendor.url" value="https://java.oracle.com/"/>
    <property name="os.name" value="Linux"/>
    <property name="java.vm.specification.version" value="12"/>
    <property name="sun.java.launcher" value="SUN_STANDARD"/>
    <property name="user.country" value="CN"/>
    <property name="sun.boot.library.path" value="/usr/local/jdk-12.0.1/lib"/>
    <property name="sun.java.command" value="/home/wf/JAVA/SpringBoot/spring-boot-01-helloworld-quick/target/surefire/surefirebooter1769978054051146179.jar /home/wf/JAVA/SpringBoot/spring-boot-01-helloworld-quick/target/surefire 2019-11-28T11-43-42_739-jvmRun1 surefire7859007295438446575tmp surefire_012188655091489422679tmp"/>
    <property name="jdk.debug" value="release"/>
    <property name="surefire.test.class.path" value="/home/wf/JAVA/SpringBoot/spring-boot-01-helloworld-quick/target/test-classes:/home/wf/JAVA/SpringBoot/spring-boot-01-helloworld-quick/target/classes:/home/wf/JAVA/mavenku/org/springframework/boot/spring-boot-starter-web/2.1.7.RELEASE/spring-boot-starter-web-2.1.7.RELEASE.jar:/home/wf/JAVA/mavenku/org/springframework/boot/spring-boot-starter/2.1.7.RELEASE/spring-boot-starter-2.1.7.RELEASE.jar:/home/wf/JAVA/mavenku/org/springframework/boot/spring-boot/2.1.7.RELEASE/spring-boot-2.1.7.RELEASE.jar:/home/wf/JAVA/mavenku/org/springframework/boot/spring-boot-autoconfigure/2.1.7.RELEASE/spring-boot-autoconfigure-2.1.7.RELEASE.jar:/home/wf/JAVA/mavenku/org/springframework/boot/spring-boot-starter-logging/2.1.7.RELEASE/spring-boot-starter-logging-2.1.7.RELEASE.jar:/home/wf/JAVA/mavenku/ch/qos/logback/logback-classic/1.2.3/logback-classic-1.2.3.jar:/home/wf/JAVA/mavenku/ch/qos/logback/logback-core/1.2.3/logback-core-1.2.3.jar:/home/wf/JAVA/mavenku/org/apache/logging/log4j/log4j-to-slf4j/2.11.2/log4j-to-slf4j-2.11.2.jar:/home/wf/JAVA/mavenku/org/apache/logging/log4j/log4j-api/2.11.2/log4j-api-2.11.2.jar:/home/wf/JAVA/mavenku/org/slf4j/jul-to-slf4j/1.7.26/jul-to-slf4j-1.7.26.jar:/home/wf/JAVA/mavenku/javax/annotation/javax.annotation-api/1.3.2/javax.annotation-api-1.3.2.jar:/home/wf/JAVA/mavenku/org/yaml/snakeyaml/1.23/snakeyaml-1.23.jar:/home/wf/JAVA/mavenku/org/springframework/boot/spring-boot-starter-json/2.1.7.RELEASE/spring-boot-starter-json-2.1.7.RELEASE.jar:/home/wf/JAVA/mavenku/com/fasterxml/jackson/core/jackson-databind/2.9.9/jackson-databind-2.9.9.jar:/home/wf/JAVA/mavenku/com/fasterxml/jackson/core/jackson-annotations/2.9.0/jackson-annotations-2.9.0.jar:/home/wf/JAVA/mavenku/com/fasterxml/jackson/core/jackson-core/2.9.9/jackson-core-2.9.9.jar:/home/wf/JAVA/mavenku/com/fasterxml/jackson/datatype/jackson-datatype-jdk8/2.9.9/jackson-datatype-jdk8-2.9.9.jar:/home/wf/JAVA/mavenku/com/fasterxml/jackson/datatype/jackson-datatype-jsr310/2.9.9/jackson-datatype-jsr310-2.9.9.jar:/home/wf/JAVA/mavenku/com/fasterxml/jackson/module/jackson-module-parameter-names/2.9.9/jackson-module-parameter-names-2.9.9.jar:/home/wf/JAVA/mavenku/org/springframework/boot/spring-boot-starter-tomcat/2.1.7.RELEASE/spring-boot-starter-tomcat-2.1.7.RELEASE.jar:/home/wf/JAVA/mavenku/org/apache/tomcat/embed/tomcat-embed-core/9.0.22/tomcat-embed-core-9.0.22.jar:/home/wf/JAVA/mavenku/org/apache/tomcat/embed/tomcat-embed-el/9.0.22/tomcat-embed-el-9.0.22.jar:/home/wf/JAVA/mavenku/org/apache/tomcat/embed/tomcat-embed-websocket/9.0.22/tomcat-embed-websocket-9.0.22.jar:/home/wf/JAVA/mavenku/org/hibernate/validator/hibernate-validator/6.0.17.Final/hibernate-validator-6.0.17.Final.jar:/home/wf/JAVA/mavenku/javax/validation/validation-api/2.0.1.Final/validation-api-2.0.1.Final.jar:/home/wf/JAVA/mavenku/org/jboss/logging/jboss-logging/3.3.2.Final/jboss-logging-3.3.2.Final.jar:/home/wf/JAVA/mavenku/com/fasterxml/classmate/1.4.0/classmate-1.4.0.jar:/home/wf/JAVA/mavenku/org/springframework/spring-web/5.1.9.RELEASE/spring-web-5.1.9.RELEASE.jar:/home/wf/JAVA/mavenku/org/springframework/spring-beans/5.1.9.RELEASE/spring-beans-5.1.9.RELEASE.jar:/home/wf/JAVA/mavenku/org/springframework/spring-webmvc/5.1.9.RELEASE/spring-webmvc-5.1.9.RELEASE.jar:/home/wf/JAVA/mavenku/org/springframework/spring-aop/5.1.9.RELEASE/spring-aop-5.1.9.RELEASE.jar:/home/wf/JAVA/mavenku/org/springframework/spring-context/5.1.9.RELEASE/spring-context-5.1.9.RELEASE.jar:/home/wf/JAVA/mavenku/org/springframework/spring-expression/5.1.9.RELEASE/spring-expression-5.1.9.RELEASE.jar:/home/wf/JAVA/mavenku/org/springframework/boot/spring-boot-starter-test/2.1.7.RELEASE/spring-boot-starter-test-2.1.7.RELEASE.jar:/home/wf/JAVA/mavenku/org/springframework/boot/spring-boot-test/2.1.7.RELEASE/spring-boot-test-2.1.7.RELEASE.jar:/home/wf/JAVA/mavenku/org/springframework/boot/spring-boot-test-autoconfigure/2.1.7.RELEASE/spring-boot-test-autoconfigure-2.1.7.RELEASE.jar:/home/wf/JAVA/mavenku/com/jayway/jsonpath/json-path/2.4.0/json-path-2.4.0.jar:/home/wf/JAVA/mavenku/net/minidev/json-smart/2.3/json-smart-2.3.jar:/home/wf/JAVA/mavenku/net/minidev/accessors-smart/1.2/accessors-smart-1.2.jar:/home/wf/JAVA/mavenku/org/ow2/asm/asm/5.0.4/asm-5.0.4.jar:/home/wf/JAVA/mavenku/org/slf4j/slf4j-api/1.7.26/slf4j-api-1.7.26.jar:/home/wf/JAVA/mavenku/junit/junit/4.12/junit-4.12.jar:/home/wf/JAVA/mavenku/org/assertj/assertj-core/3.11.1/assertj-core-3.11.1.jar:/home/wf/JAVA/mavenku/org/mockito/mockito-core/2.23.4/mockito-core-2.23.4.jar:/home/wf/JAVA/mavenku/net/bytebuddy/byte-buddy/1.9.16/byte-buddy-1.9.16.jar:/home/wf/JAVA/mavenku/net/bytebuddy/byte-buddy-agent/1.9.16/byte-buddy-agent-1.9.16.jar:/home/wf/JAVA/mavenku/org/objenesis/objenesis/2.6/objenesis-2.6.jar:/home/wf/JAVA/mavenku/org/hamcrest/hamcrest-core/1.3/hamcrest-core-1.3.jar:/home/wf/JAVA/mavenku/org/hamcrest/hamcrest-library/1.3/hamcrest-library-1.3.jar:/home/wf/JAVA/mavenku/org/skyscreamer/jsonassert/1.5.0/jsonassert-1.5.0.jar:/home/wf/JAVA/mavenku/com/vaadin/external/google/android-json/0.0.20131108.vaadin1/android-json-0.0.20131108.vaadin1.jar:/home/wf/JAVA/mavenku/org/springframework/spring-core/5.1.9.RELEASE/spring-core-5.1.9.RELEASE.jar:/home/wf/JAVA/mavenku/org/springframework/spring-jcl/5.1.9.RELEASE/spring-jcl-5.1.9.RELEASE.jar:/home/wf/JAVA/mavenku/org/springframework/spring-test/5.1.9.RELEASE/spring-test-5.1.9.RELEASE.jar:/home/wf/JAVA/mavenku/org/xmlunit/xmlunit-core/2.6.3/xmlunit-core-2.6.3.jar:/home/wf/JAVA/mavenku/javax/xml/bind/jaxb-api/2.3.1/jaxb-api-2.3.1.jar:/home/wf/JAVA/mavenku/javax/activation/javax.activation-api/1.2.0/javax.activation-api-1.2.0.jar:/home/wf/JAVA/mavenku/org/springframework/boot/spring-boot-configuration-processor/2.1.7.RELEASE/spring-boot-configuration-processor-2.1.7.RELEASE.jar:"/>
    <property name="sun.cpu.endian" value="little"/>
    <property name="user.home" value="/home/wf"/>
    <property name="user.language" value="zh"/>
    <property name="java.specification.vendor" value="Oracle Corporation"/>
    <property name="java.version.date" value="2019-04-16"/>
    <property name="java.home" value="/usr/local/jdk-12.0.1"/>
    <property name="file.separator" value="/"/>
    <property name="basedir" value="/home/wf/JAVA/SpringBoot/spring-boot-01-helloworld-quick"/>
    <property name="java.vm.compressedOopsMode" value="32-bit"/>
    <property name="line.separator" value="&#10;"/>
    <property name="idea.version2019.2.4" value="true"/>
    <property name="java.specification.name" value="Java Platform API Specification"/>
    <property name="java.vm.specification.vendor" value="Oracle Corporation"/>
    <property name="java.awt.graphicsenv" value="sun.awt.X11GraphicsEnvironment"/>
    <property name="surefire.real.class.path" value="/home/wf/JAVA/SpringBoot/spring-boot-01-helloworld-quick/target/surefire/surefirebooter1769978054051146179.jar"/>
    <property name="sun.management.compiler" value="HotSpot 64-Bit Tiered Compilers"/>
    <property name="java.runtime.version" value="12.0.1+12"/>
    <property name="user.name" value="wf"/>
    <property name="path.separator" value=":"/>
    <property name="os.version" value="4.15.0-70-generic"/>
    <property name="java.runtime.name" value="Java(TM) SE Runtime Environment"/>
    <property name="file.encoding" value="UTF-8"/>
    <property name="java.vm.name" value="Java HotSpot(TM) 64-Bit Server VM"/>
    <property name="localRepository" value="/home/wf/JAVA/mavenku"/>
    <property name="java.vendor.url.bug" value="https://bugreport.java.com/bugreport/"/>
    <property name="java.io.tmpdir" value="/tmp"/>
    <property name="java.version" value="12.0.1"/>
    <property name="user.dir" value="/home/wf/JAVA/SpringBoot/spring-boot-01-helloworld-quick"/>
    <property name="os.arch" value="amd64"/>
    <property name="java.vm.specification.name" value="Java Virtual Machine Specification"/>
    <property name="java.library.path" value="/usr/java/packages/lib:/usr/lib64:/lib64:/lib:/usr/lib"/>
    <property name="java.vm.info" value="mixed mode, sharing"/>
    <property name="java.vendor" value="Oracle Corporation"/>
    <property name="java.vm.version" value="12.0.1+12"/>
    <property name="sun.io.unicode.encoding" value="UnicodeLittle"/>
    <property name="java.class.version" value="56.0"/>
  </properties>
  <testcase name="testHelloService" classname="com.wf.springboot.SpringBoot01HelloworldQuickApplicationTests" time="0.452"/>
  <testcase name="contextLoads" classname="com.wf.springboot.SpringBoot01HelloworldQuickApplicationTests" time="0.012"/>
</testsuite>